<?xml version="1.0" encoding="UTF-8"?>
<testsuite xmlns:xsi="http://www.w3.org/2001/XMLSchema-instance" xsi:noNamespaceSchemaLocation="https://maven.apache.org/surefire/maven-surefire-plugin/xsd/surefire-test-report-3.0.xsd" version="3.0" name="com.sugaram.SugaramApplicationTests" time="14.421" tests="1" errors="0" skipped="0" failures="0">
  <properties>
[...]
</properties>
  <testcase name="contextLoads" classname="com.sugaram.SugaramApplicationTests" time="0.451">
    <system-out><![CDATA[17:39:17.675 [main] INFO org.springframework.test.context.support.AnnotationConfigContextLoaderUtils -- Could not detect default configuration classes for test class [com.sugaram.SugaramApplicationTests]: SugaramApplicationTests does not declare any static, non-private, non-final, nested classes annotated with @Configuration.
17:39:17.780 [main] INFO org.springframework.boot.test.context.SpringBootTestContextBootstrapper -- Found @SpringBootConfiguration com.sugaram.SugaramApplication for test class com.sugaram.SugaramApplicationTests

  .   ____          _            __ _ _
 /\\ / ___'_ __ _ _(_)_ __  __ _ \ \ \ \
( ( )\___ | '_ | '_| | '_ \/ _` | \ \ \ \
 \\/  ___)| |_)| | | | | || (_| |  ) ) ) )
  '  |____| .__|_| |_|_| |_\__, | / / / /
 =========|_|==============|___/=/_/_/_/

 :: Spring Boot ::                (v3.3.4)

2024-10-26T17:39:18.156+05:00  INFO 26011 --- [sugram] [           main] com.sugaram.SugaramApplicationTests      : Starting SugaramApplicationTests using Java 17.0.12 with PID 26011 (started by shaxobiddin in /home/shaxobiddin/Downloads/Telegram Desktop/sugaram)
2024-10-26T17:39:18.158+05:00  INFO 26011 --- [sugram] [           main] com.sugaram.SugaramApplicationTests      : The following 1 profile is active: "prod"
2024-10-26T17:39:18.906+05:00  INFO 26011 --- [sugram] [           main] .s.d.r.c.RepositoryConfigurationDelegate : Bootstrapping Spring Data JPA repositories in DEFAULT mode.
2024-10-26T17:39:18.956+05:00  INFO 26011 --- [sugram] [           main] .s.d.r.c.RepositoryConfigurationDelegate : Finished Spring Data repository scanning in 44 ms. Found 4 JPA repository interfaces.
2024-10-26T17:39:19.446+05:00  INFO 26011 --- [sugram] [           main] o.hibernate.jpa.internal.util.LogHelper  : HHH000204: Processing PersistenceUnitInfo [name: default]
2024-10-26T17:39:19.486+05:00  INFO 26011 --- [sugram] [           main] org.hibernate.Version                    : HHH000412: Hibernate ORM core version 6.5.3.Final
2024-10-26T17:39:19.514+05:00  INFO 26011 --- [sugram] [           main] o.h.c.internal.RegionFactoryInitiator    : HHH000026: Second-level cache disabled
2024-10-26T17:39:19.748+05:00  INFO 26011 --- [sugram] [           main] o.s.o.j.p.SpringPersistenceUnitInfo      : No LoadTimeWeaver setup: ignoring JPA class transformer
2024-10-26T17:39:19.781+05:00  INFO 26011 --- [sugram] [           main] com.zaxxer.hikari.HikariDataSource       : HikariPool-1 - Starting...
2024-10-26T17:39:22.668+05:00  INFO 26011 --- [sugram] [           main] com.zaxxer.hikari.pool.HikariPool        : HikariPool-1 - Added connection org.postgresql.jdbc.PgConnection@18463720
2024-10-26T17:39:22.672+05:00  INFO 26011 --- [sugram] [           main] com.zaxxer.hikari.HikariDataSource       : HikariPool-1 - Start completed.
2024-10-26T17:39:23.933+05:00 DEBUG 26011 --- [sugram] [           main] o.h.t.d.sql.spi.DdlTypeRegistry          : addDescriptor(2003, org.hibernate.type.descriptor.sql.internal.ArrayDdlTypeImpl@5cd701e4) replaced previous registration(org.hibernate.type.descriptor.sql.internal.ArrayDdlTypeImpl@6c9151c1)
2024-10-26T17:39:23.934+05:00 DEBUG 26011 --- [sugram] [           main] o.h.t.d.sql.spi.DdlTypeRegistry          : addDescriptor(6, org.hibernate.type.descriptor.sql.internal.CapacityDependentDdlType@2c3679e5) replaced previous registration(org.hibernate.type.descriptor.sql.internal.DdlTypeImpl@41f40dfa)
2024-10-26T17:39:24.725+05:00  INFO 26011 --- [sugram] [           main] o.h.e.t.j.p.i.JtaPlatformInitiator       : HHH000489: No JTA platform available (set 'hibernate.transaction.jta.platform' to enable JTA platform integration)
2024-10-26T17:39:30.031+05:00  INFO 26011 --- [sugram] [           main] j.LocalContainerEntityManagerFactoryBean : Initialized JPA EntityManagerFactory for persistence unit 'default'
2024-10-26T17:39:30.613+05:00  WARN 26011 --- [sugram] [           main] JpaBaseConfiguration$JpaWebConfiguration : spring.jpa.open-in-view is enabled by default. Therefore, database queries may be performed during view rendering. Explicitly configure spring.jpa.open-in-view to disable this warning
2024-10-26T17:39:30.643+05:00  INFO 26011 --- [sugram] [           main] r$InitializeUserDetailsManagerConfigurer : Global AuthenticationManager configured with UserDetailsService bean with name userDetailsService
2024-10-26T17:39:31.474+05:00  INFO 26011 --- [sugram] [           main] com.sugaram.SugaramApplicationTests      : Started SugaramApplicationTests in 13.58 seconds (process running for 14.423)
]]></system-out>
  </testcase>
</testsuite>